# JRE version: OpenJDK Runtime Environment (8.0_242-b01) (build 1.8.0_242-release-1644-b01)
# Java VM: OpenJDK 64-Bit Server VM (25.242-b01 mixed mode windows-amd64 compressed oops)
Heap:
 PSYoungGen      total 277504K, used 41449K [0x00000000d5580000, 0x00000000f0500000, 0x0000000100000000)
  eden space 236032K, 0% used [0x00000000d5580000,0x00000000d5580000,0x00000000e3c00000)
  from space 41472K, 99% used [0x00000000e3c00000,0x00000000e647a668,0x00000000e6480000)
  to   space 80896K, 0% used [0x00000000eb600000,0x00000000eb600000,0x00000000f0500000)
 ParOldGen       total 182784K, used 182355K [0x0000000080000000, 0x000000008b280000, 0x00000000d5580000)
  object space 182784K, 99% used [0x0000000080000000,0x000000008b214f30,0x000000008b280000)
 Metaspace       used 126045K, capacity 131902K, committed 132248K, reserved 1163264K
  class space    used 16290K, capacity 17505K, committed 17584K, reserved 1048576K
GC Heap History (10 events):
Event: 644.027 GC heap after
Heap after GC invocations=23 (full 5):
 PSYoungGen      total 262144K, used 15414K [0x00000000d5580000, 0x00000000e8300000, 0x0000000100000000)
  eden space 237568K, 0% used [0x00000000d5580000,0x00000000d5580000,0x00000000e3d80000)
  from space 24576K, 62% used [0x00000000e3d80000,0x00000000e4c8da70,0x00000000e5580000)
  to   space 25088K, 0% used [0x00000000e6a80000,0x00000000e6a80000,0x00000000e8300000)
 ParOldGen       total 164864K, used 81217K [0x0000000080000000, 0x000000008a100000, 0x00000000d5580000)
  object space 164864K, 49% used [0x0000000080000000,0x0000000084f505a0,0x000000008a100000)
 Metaspace       used 106650K, capacity 111672K, committed 111896K, reserved 1146880K
  class space    used 13889K, capacity 14847K, committed 14896K, reserved 1048576K
}
Event: 660.657 GC heap before
{Heap before GC invocations=24 (full 5):
 PSYoungGen      total 262144K, used 252982K [0x00000000d5580000, 0x00000000e8300000, 0x0000000100000000)
  eden space 237568K, 100% used [0x00000000d5580000,0x00000000e3d80000,0x00000000e3d80000)
  from space 24576K, 62% used [0x00000000e3d80000,0x00000000e4c8da70,0x00000000e5580000)
  to   space 25088K, 0% used [0x00000000e6a80000,0x00000000e6a80000,0x00000000e8300000)
 ParOldGen       total 164864K, used 81217K [0x0000000080000000, 0x000000008a100000, 0x00000000d5580000)
  object space 164864K, 49% used [0x0000000080000000,0x0000000084f505a0,0x000000008a100000)
 Metaspace       used 113968K, capacity 119360K, committed 119448K, reserved 1153024K
  class space    used 14928K, capacity 16003K, committed 16048K, reserved 1048576K
Event: 660.749 GC heap after
Heap after GC invocations=24 (full 5):
 PSYoungGen      total 280064K, used 24128K [0x00000000d5580000, 0x00000000e8900000, 0x0000000100000000)
  eden space 254976K, 0% used [0x00000000d5580000,0x00000000d5580000,0x00000000e4e80000)
  from space 25088K, 96% used [0x00000000e6a80000,0x00000000e8210020,0x00000000e8300000)
  to   space 28672K, 0% used [0x00000000e4e80000,0x00000000e4e80000,0x00000000e6a80000)
 ParOldGen       total 164864K, used 81225K [0x0000000080000000, 0x000000008a100000, 0x00000000d5580000)
  object space 164864K, 49% used [0x0000000080000000,0x0000000084f525a0,0x000000008a100000)
 Metaspace       used 113968K, capacity 119360K, committed 119448K, reserved 1153024K
  class space    used 14928K, capacity 16003K, committed 16048K, reserved 1048576K
}
Event: 2453.524 GC heap before
{Heap before GC invocations=25 (full 5):
 PSYoungGen      total 280064K, used 279104K [0x00000000d5580000, 0x00000000e8900000, 0x0000000100000000)
  eden space 254976K, 100% used [0x00000000d5580000,0x00000000e4e80000,0x00000000e4e80000)
  from space 25088K, 96% used [0x00000000e6a80000,0x00000000e8210020,0x00000000e8300000)
  to   space 28672K, 0% used [0x00000000e4e80000,0x00000000e4e80000,0x00000000e6a80000)
 ParOldGen       total 164864K, used 81225K [0x0000000080000000, 0x000000008a100000, 0x00000000d5580000)
  object space 164864K, 49% used [0x0000000080000000,0x0000000084f525a0,0x000000008a100000)
 Metaspace       used 117888K, capacity 123584K, committed 123800K, reserved 1157120K
  class space    used 15366K, capacity 16538K, committed 16560K, reserved 1048576K
Event: 2468.081 GC heap after
Heap after GC invocations=25 (full 5):
 PSYoungGen      total 273920K, used 28659K [0x00000000d5580000, 0x00000000e8800000, 0x0000000100000000)
  eden space 245248K, 0% used [0x00000000d5580000,0x00000000d5580000,0x00000000e4500000)
  from space 28672K, 99% used [0x00000000e4e80000,0x00000000e6a7ccd0,0x00000000e6a80000)
  to   space 30208K, 0% used [0x00000000e6a80000,0x00000000e6a80000,0x00000000e8800000)
 ParOldGen       total 164864K, used 84439K [0x0000000080000000, 0x000000008a100000, 0x00000000d5580000)
  object space 164864K, 51% used [0x0000000080000000,0x0000000085275f70,0x000000008a100000)
 Metaspace       used 117888K, capacity 123584K, committed 123800K, reserved 1157120K
  class space    used 15366K, capacity 16538K, committed 16560K, reserved 1048576K
}
Event: 2572.239 GC heap before
{Heap before GC invocations=26 (full 5):
 PSYoungGen      total 273920K, used 273907K [0x00000000d5580000, 0x00000000e8800000, 0x0000000100000000)
  eden space 245248K, 100% used [0x00000000d5580000,0x00000000e4500000,0x00000000e4500000)
  from space 28672K, 99% used [0x00000000e4e80000,0x00000000e6a7ccd0,0x00000000e6a80000)
  to   space 30208K, 0% used [0x00000000e6a80000,0x00000000e6a80000,0x00000000e8800000)
 ParOldGen       total 164864K, used 84439K [0x0000000080000000, 0x000000008a100000, 0x00000000d5580000)
  object space 164864K, 51% used [0x0000000080000000,0x0000000085275f70,0x000000008a100000)
 Metaspace       used 119517K, capacity 125252K, committed 125336K, reserved 1157120K
  class space    used 15556K, capacity 16744K, committed 16816K, reserved 1048576K
Event: 2573.073 GC heap after
Heap after GC invocations=26 (full 5):
 PSYoungGen      total 266240K, used 30183K [0x00000000d5580000, 0x00000000e8d00000, 0x0000000100000000)
  eden space 236032K, 0% used [0x00000000d5580000,0x00000000d5580000,0x00000000e3c00000)
  from space 30208K, 99% used [0x00000000e6a80000,0x00000000e87f9ff8,0x00000000e8800000)
  to   space 41472K, 0% used [0x00000000e3c00000,0x00000000e3c00000,0x00000000e6480000)
 ParOldGen       total 164864K, used 93539K [0x0000000080000000, 0x000000008a100000, 0x00000000d5580000)
  object space 164864K, 56% used [0x0000000080000000,0x0000000085b58f60,0x000000008a100000)
 Metaspace       used 119517K, capacity 125252K, committed 125336K, reserved 1157120K
  class space    used 15556K, capacity 16744K, committed 16816K, reserved 1048576K
}
Event: 2599.549 GC heap before
{Heap before GC invocations=27 (full 5):
 PSYoungGen      total 266240K, used 266215K [0x00000000d5580000, 0x00000000e8d00000, 0x0000000100000000)
  eden space 236032K, 100% used [0x00000000d5580000,0x00000000e3c00000,0x00000000e3c00000)
  from space 30208K, 99% used [0x00000000e6a80000,0x00000000e87f9ff8,0x00000000e8800000)
  to   space 41472K, 0% used [0x00000000e3c00000,0x00000000e3c00000,0x00000000e6480000)
 ParOldGen       total 164864K, used 93539K [0x0000000080000000, 0x000000008a100000, 0x00000000d5580000)
  object space 164864K, 56% used [0x0000000080000000,0x0000000085b58f60,0x000000008a100000)
 Metaspace       used 126045K, capacity 131902K, committed 132248K, reserved 1163264K
  class space    used 16290K, capacity 17505K, committed 17584K, reserved 1048576K
Event: 2601.421 GC heap after
Heap after GC invocations=27 (full 5):
 PSYoungGen      total 277504K, used 41449K [0x00000000d5580000, 0x00000000f0500000, 0x0000000100000000)
  eden space 236032K, 0% used [0x00000000d5580000,0x00000000d5580000,0x00000000e3c00000)
  from space 41472K, 99% used [0x00000000e3c00000,0x00000000e647a668,0x00000000e6480000)
  to   space 80896K, 0% used [0x00000000eb600000,0x00000000eb600000,0x00000000f0500000)
 ParOldGen       total 182784K, used 182355K [0x0000000080000000, 0x000000008b280000, 0x00000000d5580000)
  object space 182784K, 99% used [0x0000000080000000,0x000000008b214f30,0x000000008b280000)
 Metaspace       used 126045K, capacity 131902K, committed 132248K, reserved 1163264K
  class space    used 16290K, capacity 17505K, committed 17584K, reserved 1048576K
}
Event: 2601.445 GC heap before
{Heap before GC invocations=28 (full 6):
 PSYoungGen      total 277504K, used 41449K [0x00000000d5580000, 0x00000000f0500000, 0x0000000100000000)
  eden space 236032K, 0% used [0x00000000d5580000,0x00000000d5580000,0x00000000e3c00000)
  from space 41472K, 99% used [0x00000000e3c00000,0x00000000e647a668,0x00000000e6480000)
  to   space 80896K, 0% used [0x00000000eb600000,0x00000000eb600000,0x00000000f0500000)
 ParOldGen       total 182784K, used 182355K [0x0000000080000000, 0x000000008b280000, 0x00000000d5580000)
  object space 182784K, 99% used [0x0000000080000000,0x000000008b214f30,0x000000008b280000)
 Metaspace       used 126045K, capacity 131902K, committed 132248K, reserved 1163264K
  class space    used 16290K, capacity 17505K, committed 17584K, reserved 1048576K

