# JRE version: OpenJDK Runtime Environment (8.0_242-b01) (build 1.8.0_242-release-1644-b01)
# Java VM: OpenJDK 64-Bit Server VM (25.242-b01 mixed mode windows-amd64 compressed oops)
Heap:
 PSYoungGen      total 106496K, used 43721K [0x00000000d5580000, 0x00000000ddb00000, 0x0000000100000000)
  eden space 93184K, 46% used [0x00000000d5580000,0x00000000d80327b8,0x00000000db080000)
  from space 13312K, 0% used [0x00000000db080000,0x00000000db080000,0x00000000dbd80000)
  to   space 14848K, 0% used [0x00000000dcc80000,0x00000000dcc80000,0x00000000ddb00000)
 ParOldGen       total 74752K, used 36178K [0x0000000080000000, 0x0000000084900000, 0x00000000d5580000)
  object space 74752K, 48% used [0x0000000080000000,0x00000000823548b8,0x0000000084900000)
 Metaspace       used 59849K, capacity 62272K, committed 62360K, reserved 1103872K
  class space    used 8268K, capacity 8796K, committed 8880K, reserved 1048576K
GC Heap History (10 events):
Event: 24.478 GC heap before
{Heap before GC invocations=22 (full 2):
 PSYoungGen      total 74752K, used 68096K [0x00000000d5580000, 0x00000000dbd00000, 0x0000000100000000)
  eden space 68096K, 100% used [0x00000000d5580000,0x00000000d9800000,0x00000000d9800000)
  from space 6656K, 0% used [0x00000000d9800000,0x00000000d9800000,0x00000000d9e80000)
  to   space 6656K, 0% used [0x00000000db680000,0x00000000db680000,0x00000000dbd00000)
 ParOldGen       total 39936K, used 14336K [0x0000000080000000, 0x0000000082700000, 0x00000000d5580000)
  object space 39936K, 35% used [0x0000000080000000,0x0000000080e002c0,0x0000000082700000)
 Metaspace       used 36359K, capacity 37774K, committed 37928K, reserved 1081344K
  class space    used 4988K, capacity 5322K, committed 5424K, reserved 1048576K
Event: 24.491 GC heap after
Heap after GC invocations=22 (full 2):
 PSYoungGen      total 87040K, used 4637K [0x00000000d5580000, 0x00000000dbb80000, 0x0000000100000000)
  eden space 81920K, 0% used [0x00000000d5580000,0x00000000d5580000,0x00000000da580000)
  from space 5120K, 90% used [0x00000000db680000,0x00000000dbb07518,0x00000000dbb80000)
  to   space 6656K, 0% used [0x00000000dae80000,0x00000000dae80000,0x00000000db500000)
 ParOldGen       total 39936K, used 14344K [0x0000000080000000, 0x0000000082700000, 0x00000000d5580000)
  object space 39936K, 35% used [0x0000000080000000,0x0000000080e022c0,0x0000000082700000)
 Metaspace       used 36359K, capacity 37774K, committed 37928K, reserved 1081344K
  class space    used 4988K, capacity 5322K, committed 5424K, reserved 1048576K
}
Event: 35.587 GC heap before
{Heap before GC invocations=23 (full 2):
 PSYoungGen      total 87040K, used 86557K [0x00000000d5580000, 0x00000000dbb80000, 0x0000000100000000)
  eden space 81920K, 100% used [0x00000000d5580000,0x00000000da580000,0x00000000da580000)
  from space 5120K, 90% used [0x00000000db680000,0x00000000dbb07518,0x00000000dbb80000)
  to   space 6656K, 0% used [0x00000000dae80000,0x00000000dae80000,0x00000000db500000)
 ParOldGen       total 39936K, used 14344K [0x0000000080000000, 0x0000000082700000, 0x00000000d5580000)
  object space 39936K, 35% used [0x0000000080000000,0x0000000080e022c0,0x0000000082700000)
 Metaspace       used 44506K, capacity 46258K, committed 46376K, reserved 1089536K
  class space    used 6040K, capacity 6415K, committed 6448K, reserved 1048576K
Event: 35.616 GC heap after
Heap after GC invocations=23 (full 2):
 PSYoungGen      total 97792K, used 6637K [0x00000000d5580000, 0x00000000dc780000, 0x0000000100000000)
  eden space 91136K, 0% used [0x00000000d5580000,0x00000000d5580000,0x00000000dae80000)
  from space 6656K, 99% used [0x00000000dae80000,0x00000000db4fb688,0x00000000db500000)
  to   space 10240K, 0% used [0x00000000dbd80000,0x00000000dbd80000,0x00000000dc780000)
 ParOldGen       total 39936K, used 20508K [0x0000000080000000, 0x0000000082700000, 0x00000000d5580000)
  object space 39936K, 51% used [0x0000000080000000,0x0000000081407160,0x0000000082700000)
 Metaspace       used 44506K, capacity 46258K, committed 46376K, reserved 1089536K
  class space    used 6040K, capacity 6415K, committed 6448K, reserved 1048576K
}
Event: 39.902 GC heap before
{Heap before GC invocations=24 (full 2):
 PSYoungGen      total 97792K, used 97773K [0x00000000d5580000, 0x00000000dc780000, 0x0000000100000000)
  eden space 91136K, 100% used [0x00000000d5580000,0x00000000dae80000,0x00000000dae80000)
  from space 6656K, 99% used [0x00000000dae80000,0x00000000db4fb688,0x00000000db500000)
  to   space 10240K, 0% used [0x00000000dbd80000,0x00000000dbd80000,0x00000000dc780000)
 ParOldGen       total 39936K, used 20508K [0x0000000080000000, 0x0000000082700000, 0x00000000d5580000)
  object space 39936K, 51% used [0x0000000080000000,0x0000000081407160,0x0000000082700000)
 Metaspace       used 50989K, capacity 53018K, committed 53288K, reserved 1095680K
  class space    used 6821K, capacity 7213K, committed 7216K, reserved 1048576K
Event: 39.936 GC heap after
Heap after GC invocations=24 (full 2):
 PSYoungGen      total 103424K, used 10215K [0x00000000d5580000, 0x00000000dd680000, 0x0000000100000000)
  eden space 93184K, 0% used [0x00000000d5580000,0x00000000d5580000,0x00000000db080000)
  from space 10240K, 99% used [0x00000000dbd80000,0x00000000dc779c40,0x00000000dc780000)
  to   space 13312K, 0% used [0x00000000db080000,0x00000000db080000,0x00000000dbd80000)
 ParOldGen       total 39936K, used 25236K [0x0000000080000000, 0x0000000082700000, 0x00000000d5580000)
  object space 39936K, 63% used [0x0000000080000000,0x00000000818a5310,0x0000000082700000)
 Metaspace       used 50989K, capacity 53018K, committed 53288K, reserved 1095680K
  class space    used 6821K, capacity 7213K, committed 7216K, reserved 1048576K
}
Event: 45.258 GC heap before
{Heap before GC invocations=25 (full 2):
 PSYoungGen      total 103424K, used 97956K [0x00000000d5580000, 0x00000000dd680000, 0x0000000100000000)
  eden space 93184K, 94% used [0x00000000d5580000,0x00000000dab2f690,0x00000000db080000)
  from space 10240K, 99% used [0x00000000dbd80000,0x00000000dc779c40,0x00000000dc780000)
  to   space 13312K, 0% used [0x00000000db080000,0x00000000db080000,0x00000000dbd80000)
 ParOldGen       total 39936K, used 25236K [0x0000000080000000, 0x0000000082700000, 0x00000000d5580000)
  object space 39936K, 63% used [0x0000000080000000,0x00000000818a5310,0x0000000082700000)
 Metaspace       used 56779K, capacity 59080K, committed 59160K, reserved 1099776K
  class space    used 7768K, capacity 8218K, committed 8240K, reserved 1048576K
Event: 45.299 GC heap after
Heap after GC invocations=25 (full 2):
 PSYoungGen      total 106496K, used 10305K [0x00000000d5580000, 0x00000000ddb00000, 0x0000000100000000)
  eden space 93184K, 0% used [0x00000000d5580000,0x00000000d5580000,0x00000000db080000)
  from space 13312K, 77% used [0x00000000db080000,0x00000000dba90608,0x00000000dbd80000)
  to   space 14848K, 0% used [0x00000000dcc80000,0x00000000dcc80000,0x00000000ddb00000)
 ParOldGen       total 39936K, used 32758K [0x0000000080000000, 0x0000000082700000, 0x00000000d5580000)
  object space 39936K, 82% used [0x0000000080000000,0x0000000081ffdbb0,0x0000000082700000)
 Metaspace       used 56779K, capacity 59080K, committed 59160K, reserved 1099776K
  class space    used 7768K, capacity 8218K, committed 8240K, reserved 1048576K
}
Event: 45.299 GC heap before
{Heap before GC invocations=26 (full 3):
 PSYoungGen      total 106496K, used 10305K [0x00000000d5580000, 0x00000000ddb00000, 0x0000000100000000)
  eden space 93184K, 0% used [0x00000000d5580000,0x00000000d5580000,0x00000000db080000)
  from space 13312K, 77% used [0x00000000db080000,0x00000000dba90608,0x00000000dbd80000)
  to   space 14848K, 0% used [0x00000000dcc80000,0x00000000dcc80000,0x00000000ddb00000)
 ParOldGen       total 39936K, used 32758K [0x0000000080000000, 0x0000000082700000, 0x00000000d5580000)
  object space 39936K, 82% used [0x0000000080000000,0x0000000081ffdbb0,0x0000000082700000)
 Metaspace       used 56779K, capacity 59080K, committed 59160K, reserved 1099776K
  class space    used 7768K, capacity 8218K, committed 8240K, reserved 1048576K
Event: 45.813 GC heap after
Heap after GC invocations=26 (full 3):
 PSYoungGen      total 106496K, used 0K [0x00000000d5580000, 0x00000000ddb00000, 0x0000000100000000)
  eden space 93184K, 0% used [0x00000000d5580000,0x00000000d5580000,0x00000000db080000)
  from space 13312K, 0% used [0x00000000db080000,0x00000000db080000,0x00000000dbd80000)
  to   space 14848K, 0% used [0x00000000dcc80000,0x00000000dcc80000,0x00000000ddb00000)
 ParOldGen       total 74752K, used 36178K [0x0000000080000000, 0x0000000084900000, 0x00000000d5580000)
  object space 74752K, 48% used [0x0000000080000000,0x00000000823548b8,0x0000000084900000)
 Metaspace       used 56765K, capacity 59032K, committed 59160K, reserved 1099776K
  class space    used 7763K, capacity 8210K, committed 8240K, reserved 1048576K
}

