# JRE version: OpenJDK Runtime Environment (8.0_242-b01) (build 1.8.0_242-release-1644-b01)
# Java VM: OpenJDK 64-Bit Server VM (25.242-b01 mixed mode windows-amd64 compressed oops)
Heap:
 PSYoungGen      total 502272K, used 449744K [0x00000000d5580000, 0x00000000fd200000, 0x0000000100000000)
  eden space 372224K, 100% used [0x00000000d5580000,0x00000000ec100000,0x00000000ec100000)
  from space 130048K, 59% used [0x00000000f5300000,0x00000000f9eb4020,0x00000000fd200000)
  to   space 139776K, 62% used [0x00000000ec100000,0x00000000f15b7160,0x00000000f4980000)
 ParOldGen       total 253440K, used 123389K [0x0000000080000000, 0x000000008f780000, 0x00000000d5580000)
  object space 253440K, 48% used [0x0000000080000000,0x000000008787f4d8,0x000000008f780000)
 Metaspace       used 153398K, capacity 162246K, committed 162456K, reserved 1191936K
  class space    used 18897K, capacity 20376K, committed 20400K, reserved 1048576K
GC Heap History (10 events):
Event: 6405.589 GC heap after
Heap after GC invocations=56 (full 6):
 PSYoungGen      total 483328K, used 91460K [0x00000000d5580000, 0x00000000fca00000, 0x0000000100000000)
  eden space 330240K, 0% used [0x00000000d5580000,0x00000000d5580000,0x00000000e9800000)
  from space 153088K, 59% used [0x00000000f3480000,0x00000000f8dd12e0,0x00000000fca00000)
  to   space 156672K, 0% used [0x00000000e9800000,0x00000000e9800000,0x00000000f3100000)
 ParOldGen       total 253440K, used 122465K [0x0000000080000000, 0x000000008f780000, 0x00000000d5580000)
  object space 253440K, 48% used [0x0000000080000000,0x00000000877984b8,0x000000008f780000)
 Metaspace       used 149681K, capacity 156648K, committed 156824K, reserved 1185792K
  class space    used 18401K, capacity 19623K, committed 19632K, reserved 1048576K
}
Event: 6506.137 GC heap before
{Heap before GC invocations=57 (full 6):
 PSYoungGen      total 483328K, used 421700K [0x00000000d5580000, 0x00000000fca00000, 0x0000000100000000)
  eden space 330240K, 100% used [0x00000000d5580000,0x00000000e9800000,0x00000000e9800000)
  from space 153088K, 59% used [0x00000000f3480000,0x00000000f8dd12e0,0x00000000fca00000)
  to   space 156672K, 0% used [0x00000000e9800000,0x00000000e9800000,0x00000000f3100000)
 ParOldGen       total 253440K, used 122465K [0x0000000080000000, 0x000000008f780000, 0x00000000d5580000)
  object space 253440K, 48% used [0x0000000080000000,0x00000000877984b8,0x000000008f780000)
 Metaspace       used 149776K, capacity 156856K, committed 157080K, reserved 1187840K
  class space    used 18402K, capacity 19623K, committed 19632K, reserved 1048576K
Event: 6508.088 GC heap after
Heap after GC invocations=57 (full 6):
 PSYoungGen      total 486912K, used 81263K [0x00000000d5580000, 0x00000000fdc00000, 0x0000000100000000)
  eden space 330240K, 0% used [0x00000000d5580000,0x00000000d5580000,0x00000000e9800000)
  from space 156672K, 51% used [0x00000000e9800000,0x00000000ee75bd30,0x00000000f3100000)
  to   space 152064K, 0% used [0x00000000f4780000,0x00000000f4780000,0x00000000fdc00000)
 ParOldGen       total 253440K, used 122473K [0x0000000080000000, 0x000000008f780000, 0x00000000d5580000)
  object space 253440K, 48% used [0x0000000080000000,0x000000008779a4b8,0x000000008f780000)
 Metaspace       used 149776K, capacity 156856K, committed 157080K, reserved 1187840K
  class space    used 18402K, capacity 19623K, committed 19632K, reserved 1048576K
}
Event: 6590.908 GC heap before
{Heap before GC invocations=58 (full 6):
 PSYoungGen      total 486912K, used 411503K [0x00000000d5580000, 0x00000000fdc00000, 0x0000000100000000)
  eden space 330240K, 100% used [0x00000000d5580000,0x00000000e9800000,0x00000000e9800000)
  from space 156672K, 51% used [0x00000000e9800000,0x00000000ee75bd30,0x00000000f3100000)
  to   space 152064K, 0% used [0x00000000f4780000,0x00000000f4780000,0x00000000fdc00000)
 ParOldGen       total 253440K, used 122473K [0x0000000080000000, 0x000000008f780000, 0x00000000d5580000)
  object space 253440K, 48% used [0x0000000080000000,0x000000008779a4b8,0x000000008f780000)
 Metaspace       used 149864K, capacity 156874K, committed 157080K, reserved 1187840K
  class space    used 18404K, capacity 19626K, committed 19632K, reserved 1048576K
Event: 6591.048 GC heap after
Heap after GC invocations=58 (full 6):
 PSYoungGen      total 494592K, used 82370K [0x00000000d5580000, 0x00000000fd100000, 0x0000000100000000)
  eden space 353792K, 0% used [0x00000000d5580000,0x00000000d5580000,0x00000000eaf00000)
  from space 140800K, 58% used [0x00000000f4780000,0x00000000f97f0b98,0x00000000fd100000)
  to   space 148480K, 0% used [0x00000000eaf00000,0x00000000eaf00000,0x00000000f4000000)
 ParOldGen       total 253440K, used 122481K [0x0000000080000000, 0x000000008f780000, 0x00000000d5580000)
  object space 253440K, 48% used [0x0000000080000000,0x000000008779c4b8,0x000000008f780000)
 Metaspace       used 149864K, capacity 156874K, committed 157080K, reserved 1187840K
  class space    used 18404K, capacity 19626K, committed 19632K, reserved 1048576K
}
Event: 6695.640 GC heap before
{Heap before GC invocations=59 (full 6):
 PSYoungGen      total 494592K, used 435656K [0x00000000d5580000, 0x00000000fd100000, 0x0000000100000000)
  eden space 353792K, 99% used [0x00000000d5580000,0x00000000eae81520,0x00000000eaf00000)
  from space 140800K, 58% used [0x00000000f4780000,0x00000000f97f0b98,0x00000000fd100000)
  to   space 148480K, 0% used [0x00000000eaf00000,0x00000000eaf00000,0x00000000f4000000)
 ParOldGen       total 253440K, used 122481K [0x0000000080000000, 0x000000008f780000, 0x00000000d5580000)
  object space 253440K, 48% used [0x0000000080000000,0x000000008779c4b8,0x000000008f780000)
 Metaspace       used 151360K, capacity 160282K, committed 160536K, reserved 1189888K
  class space    used 18699K, capacity 20172K, committed 20272K, reserved 1048576K
Event: 6697.127 GC heap after
Heap after GC invocations=59 (full 6):
 PSYoungGen      total 502272K, used 84070K [0x00000000d5580000, 0x00000000fe100000, 0x0000000100000000)
  eden space 353792K, 0% used [0x00000000d5580000,0x00000000d5580000,0x00000000eaf00000)
  from space 148480K, 56% used [0x00000000eaf00000,0x00000000f0119b18,0x00000000f4000000)
  to   space 145408K, 0% used [0x00000000f5300000,0x00000000f5300000,0x00000000fe100000)
 ParOldGen       total 253440K, used 122481K [0x0000000080000000, 0x000000008f780000, 0x00000000d5580000)
  object space 253440K, 48% used [0x0000000080000000,0x000000008779c4b8,0x000000008f780000)
 Metaspace       used 151360K, capacity 160282K, committed 160536K, reserved 1189888K
  class space    used 18699K, capacity 20172K, committed 20272K, reserved 1048576K
}
Event: 6810.754 GC heap before
{Heap before GC invocations=60 (full 6):
 PSYoungGen      total 502272K, used 437862K [0x00000000d5580000, 0x00000000fe100000, 0x0000000100000000)
  eden space 353792K, 100% used [0x00000000d5580000,0x00000000eaf00000,0x00000000eaf00000)
  from space 148480K, 56% used [0x00000000eaf00000,0x00000000f0119b18,0x00000000f4000000)
  to   space 145408K, 0% used [0x00000000f5300000,0x00000000f5300000,0x00000000fe100000)
 ParOldGen       total 253440K, used 122481K [0x0000000080000000, 0x000000008f780000, 0x00000000d5580000)
  object space 253440K, 48% used [0x0000000080000000,0x000000008779c4b8,0x000000008f780000)
 Metaspace       used 151470K, capacity 160300K, committed 160536K, reserved 1189888K
  class space    used 18701K, capacity 20175K, committed 20272K, reserved 1048576K
Event: 6810.876 GC heap after
Heap after GC invocations=60 (full 6):
 PSYoungGen      total 502272K, used 77520K [0x00000000d5580000, 0x00000000fd200000, 0x0000000100000000)
  eden space 372224K, 0% used [0x00000000d5580000,0x00000000d5580000,0x00000000ec100000)
  from space 130048K, 59% used [0x00000000f5300000,0x00000000f9eb4020,0x00000000fd200000)
  to   space 139776K, 0% used [0x00000000ec100000,0x00000000ec100000,0x00000000f4980000)
 ParOldGen       total 253440K, used 123197K [0x0000000080000000, 0x000000008f780000, 0x00000000d5580000)
  object space 253440K, 48% used [0x0000000080000000,0x000000008784f4d8,0x000000008f780000)
 Metaspace       used 151470K, capacity 160300K, committed 160536K, reserved 1189888K
  class space    used 18701K, capacity 20175K, committed 20272K, reserved 1048576K
}
Event: 6823.359 GC heap before
{Heap before GC invocations=61 (full 6):
 PSYoungGen      total 502272K, used 449744K [0x00000000d5580000, 0x00000000fd200000, 0x0000000100000000)
  eden space 372224K, 100% used [0x00000000d5580000,0x00000000ec100000,0x00000000ec100000)
  from space 130048K, 59% used [0x00000000f5300000,0x00000000f9eb4020,0x00000000fd200000)
  to   space 139776K, 0% used [0x00000000ec100000,0x00000000ec100000,0x00000000f4980000)
 ParOldGen       total 253440K, used 123197K [0x0000000080000000, 0x000000008f780000, 0x00000000d5580000)
  object space 253440K, 48% used [0x0000000080000000,0x000000008784f4d8,0x000000008f780000)
 Metaspace       used 153398K, capacity 162246K, committed 162456K, reserved 1191936K
  class space    used 18897K, capacity 20376K, committed 20400K, reserved 1048576K

