# JRE version: OpenJDK Runtime Environment (8.0_242-b01) (build 1.8.0_242-release-1644-b01)
# Java VM: OpenJDK 64-Bit Server VM (25.242-b01 mixed mode windows-amd64 compressed oops)
Heap:
 PSYoungGen      total 38912K, used 13283K [0x00000000d5580000, 0x00000000d8700000, 0x0000000100000000)
  eden space 30208K, 19% used [0x00000000d5580000,0x00000000d5b4f280,0x00000000d7300000)
  from space 8704K, 84% used [0x00000000d7c80000,0x00000000d83a9ba0,0x00000000d8500000)
  to   space 9728K, 0% used [0x00000000d7300000,0x00000000d7300000,0x00000000d7c80000)
 ParOldGen       total 36864K, used 27338K [0x0000000080000000, 0x0000000082400000, 0x00000000d5580000)
  object space 36864K, 74% used [0x0000000080000000,0x0000000081ab2b78,0x0000000082400000)
 Metaspace       used 52460K, capacity 54598K, committed 54824K, reserved 1097728K
  class space    used 7014K, capacity 7451K, committed 7472K, reserved 1048576K
GC Heap History (10 events):
Event: 50.777 GC heap before
{Heap before GC invocations=34 (full 2):
 PSYoungGen      total 30720K, used 30698K [0x00000000d5580000, 0x00000000d7d80000, 0x0000000100000000)
  eden space 26112K, 100% used [0x00000000d5580000,0x00000000d6f00000,0x00000000d6f00000)
  from space 4608K, 99% used [0x00000000d6f00000,0x00000000d737aae8,0x00000000d7380000)
  to   space 6144K, 0% used [0x00000000d7780000,0x00000000d7780000,0x00000000d7d80000)
 ParOldGen       total 36864K, used 18236K [0x0000000080000000, 0x0000000082400000, 0x00000000d5580000)
  object space 36864K, 49% used [0x0000000080000000,0x00000000811cf1b0,0x0000000082400000)
 Metaspace       used 44047K, capacity 45824K, committed 45992K, reserved 1089536K
  class space    used 5954K, capacity 6314K, committed 6320K, reserved 1048576K
Event: 50.792 GC heap after
Heap after GC invocations=34 (full 2):
 PSYoungGen      total 34816K, used 3675K [0x00000000d5580000, 0x00000000d7d80000, 0x0000000100000000)
  eden space 28672K, 0% used [0x00000000d5580000,0x00000000d5580000,0x00000000d7180000)
  from space 6144K, 59% used [0x00000000d7780000,0x00000000d7b16c48,0x00000000d7d80000)
  to   space 6144K, 0% used [0x00000000d7180000,0x00000000d7180000,0x00000000d7780000)
 ParOldGen       total 36864K, used 20944K [0x0000000080000000, 0x0000000082400000, 0x00000000d5580000)
  object space 36864K, 56% used [0x0000000080000000,0x0000000081474090,0x0000000082400000)
 Metaspace       used 44047K, capacity 45824K, committed 45992K, reserved 1089536K
  class space    used 5954K, capacity 6314K, committed 6320K, reserved 1048576K
}
Event: 52.023 GC heap before
{Heap before GC invocations=35 (full 2):
 PSYoungGen      total 34816K, used 32347K [0x00000000d5580000, 0x00000000d7d80000, 0x0000000100000000)
  eden space 28672K, 100% used [0x00000000d5580000,0x00000000d7180000,0x00000000d7180000)
  from space 6144K, 59% used [0x00000000d7780000,0x00000000d7b16c48,0x00000000d7d80000)
  to   space 6144K, 0% used [0x00000000d7180000,0x00000000d7180000,0x00000000d7780000)
 ParOldGen       total 36864K, used 20944K [0x0000000080000000, 0x0000000082400000, 0x00000000d5580000)
  object space 36864K, 56% used [0x0000000080000000,0x0000000081474090,0x0000000082400000)
 Metaspace       used 45909K, capacity 47642K, committed 47784K, reserved 1091584K
  class space    used 6209K, capacity 6575K, committed 6576K, reserved 1048576K
Event: 52.032 GC heap after
Heap after GC invocations=35 (full 2):
 PSYoungGen      total 34816K, used 4679K [0x00000000d5580000, 0x00000000d8080000, 0x0000000100000000)
  eden space 28672K, 0% used [0x00000000d5580000,0x00000000d5580000,0x00000000d7180000)
  from space 6144K, 76% used [0x00000000d7180000,0x00000000d7611ed8,0x00000000d7780000)
  to   space 6656K, 0% used [0x00000000d7a00000,0x00000000d7a00000,0x00000000d8080000)
 ParOldGen       total 36864K, used 20952K [0x0000000080000000, 0x0000000082400000, 0x00000000d5580000)
  object space 36864K, 56% used [0x0000000080000000,0x0000000081476090,0x0000000082400000)
 Metaspace       used 45909K, capacity 47642K, committed 47784K, reserved 1091584K
  class space    used 6209K, capacity 6575K, committed 6576K, reserved 1048576K
}
Event: 53.335 GC heap before
{Heap before GC invocations=36 (full 2):
 PSYoungGen      total 34816K, used 33351K [0x00000000d5580000, 0x00000000d8080000, 0x0000000100000000)
  eden space 28672K, 100% used [0x00000000d5580000,0x00000000d7180000,0x00000000d7180000)
  from space 6144K, 76% used [0x00000000d7180000,0x00000000d7611ed8,0x00000000d7780000)
  to   space 6656K, 0% used [0x00000000d7a00000,0x00000000d7a00000,0x00000000d8080000)
 ParOldGen       total 36864K, used 20952K [0x0000000080000000, 0x0000000082400000, 0x00000000d5580000)
  object space 36864K, 56% used [0x0000000080000000,0x0000000081476090,0x0000000082400000)
 Metaspace       used 48461K, capacity 50362K, committed 50728K, reserved 1093632K
  class space    used 6510K, capacity 6885K, committed 6960K, reserved 1048576K
Event: 53.352 GC heap after
Heap after GC invocations=36 (full 2):
 PSYoungGen      total 35328K, used 6653K [0x00000000d5580000, 0x00000000d8480000, 0x0000000100000000)
  eden space 28672K, 0% used [0x00000000d5580000,0x00000000d5580000,0x00000000d7180000)
  from space 6656K, 99% used [0x00000000d7a00000,0x00000000d807f6f0,0x00000000d8080000)
  to   space 8704K, 0% used [0x00000000d7180000,0x00000000d7180000,0x00000000d7a00000)
 ParOldGen       total 36864K, used 23411K [0x0000000080000000, 0x0000000082400000, 0x00000000d5580000)
  object space 36864K, 63% used [0x0000000080000000,0x00000000816dcc70,0x0000000082400000)
 Metaspace       used 48461K, capacity 50362K, committed 50728K, reserved 1093632K
  class space    used 6510K, capacity 6885K, committed 6960K, reserved 1048576K
}
Event: 54.546 GC heap before
{Heap before GC invocations=37 (full 2):
 PSYoungGen      total 35328K, used 35325K [0x00000000d5580000, 0x00000000d8480000, 0x0000000100000000)
  eden space 28672K, 100% used [0x00000000d5580000,0x00000000d7180000,0x00000000d7180000)
  from space 6656K, 99% used [0x00000000d7a00000,0x00000000d807f6f0,0x00000000d8080000)
  to   space 8704K, 0% used [0x00000000d7180000,0x00000000d7180000,0x00000000d7a00000)
 ParOldGen       total 36864K, used 23411K [0x0000000080000000, 0x0000000082400000, 0x00000000d5580000)
  object space 36864K, 63% used [0x0000000080000000,0x00000000816dcc70,0x0000000082400000)
 Metaspace       used 50948K, capacity 52836K, committed 53032K, reserved 1095680K
  class space    used 6816K, capacity 7171K, committed 7216K, reserved 1048576K
Event: 54.562 GC heap after
Heap after GC invocations=37 (full 2):
 PSYoungGen      total 37376K, used 5128K [0x00000000d5580000, 0x00000000d8500000, 0x0000000100000000)
  eden space 28672K, 0% used [0x00000000d5580000,0x00000000d5580000,0x00000000d7180000)
  from space 8704K, 58% used [0x00000000d7180000,0x00000000d7682290,0x00000000d7a00000)
  to   space 8704K, 0% used [0x00000000d7c80000,0x00000000d7c80000,0x00000000d8500000)
 ParOldGen       total 36864K, used 27338K [0x0000000080000000, 0x0000000082400000, 0x00000000d5580000)
  object space 36864K, 74% used [0x0000000080000000,0x0000000081ab2b78,0x0000000082400000)
 Metaspace       used 50948K, capacity 52836K, committed 53032K, reserved 1095680K
  class space    used 6816K, capacity 7171K, committed 7216K, reserved 1048576K
}
Event: 55.417 GC heap before
{Heap before GC invocations=38 (full 2):
 PSYoungGen      total 37376K, used 33800K [0x00000000d5580000, 0x00000000d8500000, 0x0000000100000000)
  eden space 28672K, 100% used [0x00000000d5580000,0x00000000d7180000,0x00000000d7180000)
  from space 8704K, 58% used [0x00000000d7180000,0x00000000d7682290,0x00000000d7a00000)
  to   space 8704K, 0% used [0x00000000d7c80000,0x00000000d7c80000,0x00000000d8500000)
 ParOldGen       total 36864K, used 27338K [0x0000000080000000, 0x0000000082400000, 0x00000000d5580000)
  object space 36864K, 74% used [0x0000000080000000,0x0000000081ab2b78,0x0000000082400000)
 Metaspace       used 51861K, capacity 53882K, committed 54056K, reserved 1095680K
  class space    used 6945K, capacity 7385K, committed 7472K, reserved 1048576K
Event: 55.437 GC heap after
Heap after GC invocations=38 (full 2):
 PSYoungGen      total 38912K, used 7334K [0x00000000d5580000, 0x00000000d8700000, 0x0000000100000000)
  eden space 30208K, 0% used [0x00000000d5580000,0x00000000d5580000,0x00000000d7300000)
  from space 8704K, 84% used [0x00000000d7c80000,0x00000000d83a9ba0,0x00000000d8500000)
  to   space 9728K, 0% used [0x00000000d7300000,0x00000000d7300000,0x00000000d7c80000)
 ParOldGen       total 36864K, used 27338K [0x0000000080000000, 0x0000000082400000, 0x00000000d5580000)
  object space 36864K, 74% used [0x0000000080000000,0x0000000081ab2b78,0x0000000082400000)
 Metaspace       used 51861K, capacity 53882K, committed 54056K, reserved 1095680K
  class space    used 6945K, capacity 7385K, committed 7472K, reserved 1048576K
}

